============================= test session starts ==============================
platform linux -- Python 3.10.16, pytest-8.3.5, pluggy-1.6.0
rootdir: /home/jn_cndt4/project/code repair/BugAgent/BugAgent_1.3/data/QuixBugs_test
plugins: anyio-4.9.0, timeout-2.4.0
timeout: 5.0s
timeout method: signal
timeout func_only: False
collected 9 items

python_testcases/test_bitcount.py FFFFFFFFF                              [100%]

=================================== FAILURES ===================================
_________________________ test_bitcount[input_data0-7] _________________________

input_data = [127], expected = 7

    @pytest.mark.parametrize("input_data,expected", testdata)
    def test_bitcount(input_data, expected):
>       assert bitcount(*input_data) == expected

python_testcases/test_bitcount.py:15: 
_ _ _ _ _ _ _ _ _ _ _ _ _ _ _ _ _ _ _ _ _ _ _ _ _ _ _ _ _ _ _ _ _ _ _ _ _ _ _ _ 

n = 1

    def bitcount(n):
        count = 0
>       while n:
E       Failed: Timeout (>5.0s) from pytest-timeout.

python_programs/bitcount.py:4: Failed
_________________________ test_bitcount[input_data1-1] _________________________

input_data = [128], expected = 1

    @pytest.mark.parametrize("input_data,expected", testdata)
    def test_bitcount(input_data, expected):
>       assert bitcount(*input_data) == expected

python_testcases/test_bitcount.py:15: 
_ _ _ _ _ _ _ _ _ _ _ _ _ _ _ _ _ _ _ _ _ _ _ _ _ _ _ _ _ _ _ _ _ _ _ _ _ _ _ _ 

n = 1

    def bitcount(n):
        count = 0
>       while n:
E       Failed: Timeout (>5.0s) from pytest-timeout.

python_programs/bitcount.py:4: Failed
_________________________ test_bitcount[input_data2-9] _________________________

input_data = [3005], expected = 9

    @pytest.mark.parametrize("input_data,expected", testdata)
    def test_bitcount(input_data, expected):
>       assert bitcount(*input_data) == expected

python_testcases/test_bitcount.py:15: 
_ _ _ _ _ _ _ _ _ _ _ _ _ _ _ _ _ _ _ _ _ _ _ _ _ _ _ _ _ _ _ _ _ _ _ _ _ _ _ _ 

n = 1

    def bitcount(n):
        count = 0
>       while n:
E       Failed: Timeout (>5.0s) from pytest-timeout.

python_programs/bitcount.py:4: Failed
_________________________ test_bitcount[input_data3-3] _________________________

input_data = [13], expected = 3

    @pytest.mark.parametrize("input_data,expected", testdata)
    def test_bitcount(input_data, expected):
>       assert bitcount(*input_data) == expected

python_testcases/test_bitcount.py:15: 
_ _ _ _ _ _ _ _ _ _ _ _ _ _ _ _ _ _ _ _ _ _ _ _ _ _ _ _ _ _ _ _ _ _ _ _ _ _ _ _ 

n = 1

    def bitcount(n):
        count = 0
>       while n:
E       Failed: Timeout (>5.0s) from pytest-timeout.

python_programs/bitcount.py:4: Failed
_________________________ test_bitcount[input_data4-3] _________________________

input_data = [14], expected = 3

    @pytest.mark.parametrize("input_data,expected", testdata)
    def test_bitcount(input_data, expected):
>       assert bitcount(*input_data) == expected

python_testcases/test_bitcount.py:15: 
_ _ _ _ _ _ _ _ _ _ _ _ _ _ _ _ _ _ _ _ _ _ _ _ _ _ _ _ _ _ _ _ _ _ _ _ _ _ _ _ 

n = 1

    def bitcount(n):
        count = 0
>       while n:
E       Failed: Timeout (>5.0s) from pytest-timeout.

python_programs/bitcount.py:4: Failed
_________________________ test_bitcount[input_data5-4] _________________________

input_data = [27], expected = 4

    @pytest.mark.parametrize("input_data,expected", testdata)
    def test_bitcount(input_data, expected):
>       assert bitcount(*input_data) == expected

python_testcases/test_bitcount.py:15: 
_ _ _ _ _ _ _ _ _ _ _ _ _ _ _ _ _ _ _ _ _ _ _ _ _ _ _ _ _ _ _ _ _ _ _ _ _ _ _ _ 

n = 1

    def bitcount(n):
        count = 0
>       while n:
E       Failed: Timeout (>5.0s) from pytest-timeout.

python_programs/bitcount.py:4: Failed
_________________________ test_bitcount[input_data6-4] _________________________

input_data = [834], expected = 4

    @pytest.mark.parametrize("input_data,expected", testdata)
    def test_bitcount(input_data, expected):
>       assert bitcount(*input_data) == expected

python_testcases/test_bitcount.py:15: 
_ _ _ _ _ _ _ _ _ _ _ _ _ _ _ _ _ _ _ _ _ _ _ _ _ _ _ _ _ _ _ _ _ _ _ _ _ _ _ _ 

n = 1

    def bitcount(n):
        count = 0
>       while n:
E       Failed: Timeout (>5.0s) from pytest-timeout.

python_programs/bitcount.py:4: Failed
_________________________ test_bitcount[input_data7-7] _________________________

input_data = [254], expected = 7

    @pytest.mark.parametrize("input_data,expected", testdata)
    def test_bitcount(input_data, expected):
>       assert bitcount(*input_data) == expected

python_testcases/test_bitcount.py:15: 
_ _ _ _ _ _ _ _ _ _ _ _ _ _ _ _ _ _ _ _ _ _ _ _ _ _ _ _ _ _ _ _ _ _ _ _ _ _ _ _ 

n = 1

    def bitcount(n):
        count = 0
>       while n:
E       Failed: Timeout (>5.0s) from pytest-timeout.

python_programs/bitcount.py:4: Failed
_________________________ test_bitcount[input_data8-1] _________________________

input_data = [256], expected = 1

    @pytest.mark.parametrize("input_data,expected", testdata)
    def test_bitcount(input_data, expected):
>       assert bitcount(*input_data) == expected

python_testcases/test_bitcount.py:15: 
_ _ _ _ _ _ _ _ _ _ _ _ _ _ _ _ _ _ _ _ _ _ _ _ _ _ _ _ _ _ _ _ _ _ _ _ _ _ _ _ 

n = 1

    def bitcount(n):
        count = 0
>       while n:
E       Failed: Timeout (>5.0s) from pytest-timeout.

python_programs/bitcount.py:4: Failed
=========================== short test summary info ============================
FAILED python_testcases/test_bitcount.py::test_bitcount[input_data0-7] - Fail...
FAILED python_testcases/test_bitcount.py::test_bitcount[input_data1-1] - Fail...
FAILED python_testcases/test_bitcount.py::test_bitcount[input_data2-9] - Fail...
FAILED python_testcases/test_bitcount.py::test_bitcount[input_data3-3] - Fail...
FAILED python_testcases/test_bitcount.py::test_bitcount[input_data4-3] - Fail...
FAILED python_testcases/test_bitcount.py::test_bitcount[input_data5-4] - Fail...
FAILED python_testcases/test_bitcount.py::test_bitcount[input_data6-4] - Fail...
FAILED python_testcases/test_bitcount.py::test_bitcount[input_data7-7] - Fail...
FAILED python_testcases/test_bitcount.py::test_bitcount[input_data8-1] - Fail...
============================== 9 failed in 45.04s ==============================
